<?xml version="1.0" encoding="UTF-8"?>
<!-- Generated by org.testng.reporters.JUnitReportReporter -->
<testsuite hostname="Lab-637618509474497233-1" failures="0" tests="2" name="UrbanLadder.NavBarItems" time="5.465" errors="0" timestamp="2021-09-26T16:44:08 IST" skipped="0">
  <testcase classname="UrbanLadder.NavBarItems" name="validateAppNavBar" time="1.626"/>
  <system-out/>
  <testcase classname="UrbanLadder.NavBarItems" name="CheckNavItems" time="3.839"/>
  <system-out/>
</testsuite> <!-- UrbanLadder.NavBarItems -->
