<?xml version="1.0" encoding="UTF-8"?>
<!-- Generated by org.testng.reporters.JUnitReportReporter -->
<testsuite hostname="Mahapatra" failures="0" tests="1" name="UrbanLadder.HomePage" time="12.039" errors="0" timestamp="2021-09-23T12:26:46 IST" skipped="0">
  <testcase classname="UrbanLadder.HomePage" name="Login" time="12.039"/>
  <system-out/>
</testsuite> <!-- UrbanLadder.HomePage -->
