<?xml version="1.0" encoding="UTF-8"?>
<!-- Generated by org.testng.reporters.JUnitReportReporter -->
<testsuite hostname="Lab-637618509474497233-1" failures="0" tests="1" name="UrbanLadder.TrackOrder" time="4.181" errors="0" timestamp="2021-09-26T16:44:08 IST" skipped="0">
  <testcase classname="UrbanLadder.TrackOrder" name="trackOrder" time="4.181"/>
  <system-out/>
</testsuite> <!-- UrbanLadder.TrackOrder -->
