<?xml version="1.0" encoding="UTF-8"?>
<!-- Generated by org.testng.reporters.JUnitReportReporter -->
<testsuite hostname="Lab-637618509474497233-1" failures="0" tests="1" name="UrbanLadder.ViewItemDetails" time="20.282" errors="0" timestamp="2021-09-26T16:44:08 IST" skipped="0">
  <testcase classname="UrbanLadder.ViewItemDetails" name="viewProductDetails" time="20.282"/>
  <system-out/>
</testsuite> <!-- UrbanLadder.ViewItemDetails -->
