<?xml version="1.0" encoding="UTF-8"?>
<!-- Generated by org.testng.reporters.JUnitReportReporter -->
<testsuite hostname="Lab-637618509474497233-1" failures="0" tests="4" name="UrbanLadder.Search" time="29.669" errors="0" timestamp="2021-09-26T16:44:08 IST" skipped="0">
  <testcase classname="UrbanLadder.Search" name="getSearchItem" time="4.652"/>
  <system-out/>
  <testcase classname="UrbanLadder.Search" name="Search" time="15.464"/>
  <system-out/>
  <testcase classname="UrbanLadder.Search" name="getSearchItem" time="4.478"/>
  <system-out/>
  <testcase classname="UrbanLadder.Search" name="getSearchItem" time="5.075"/>
  <system-out/>
</testsuite> <!-- UrbanLadder.Search -->
