<?xml version="1.0" encoding="UTF-8"?>
<!-- Generated by org.testng.reporters.JUnitReportReporter -->
<testsuite hostname="Lab-637618509474497233-1" failures="0" tests="2" name="UrbanLadder.LinksInHomePage" time="3.459" errors="0" timestamp="2021-09-26T16:44:08 IST" skipped="0">
  <testcase classname="UrbanLadder.LinksInHomePage" name="CountLinks" time="0.695"/>
  <system-out/>
  <testcase classname="UrbanLadder.LinksInHomePage" name="CustomerStories" time="2.764"/>
  <system-out/>
</testsuite> <!-- UrbanLadder.LinksInHomePage -->
