<?xml version="1.0" encoding="UTF-8"?>
<!-- Generated by org.testng.reporters.JUnitReportReporter -->
<testsuite hostname="Lab-637618509474497233-1" failures="0" tests="1" name="UrbanLadder.HomePageLogin" time="13.352" errors="0" timestamp="2021-09-26T16:44:08 IST" skipped="0">
  <testcase classname="UrbanLadder.HomePageLogin" name="Login" time="13.352"/>
  <system-out/>
</testsuite> <!-- UrbanLadder.HomePageLogin -->
